- Auto_user_PGM-53-Run22_Routine_081015_SBT_colon_lung_v4_316v2_102 :
	- TURTAUT-AD299F : 12 variants
	- PLANTADE-AD297F : 15 variants
	- PAS-AD307F : 9 variants
	- WARIN-AD296F : 13 variants
	- SOULIGNAC-AD315F : 11 variants
	- BERTORELLO-AD314F : 10 variants
	- LAVIGNAC-AD295F : 13 variants
	- DANG-AD319F : 7 variants
	- ZOCCOLA-AD316F : 15 variants
	- PASQUET-AD321F : 28 variants
	- BIDEGAIN-AD322F : 10 variants
	- ASCONCHILO-AD325F : 9 variants
	- ODER-AD327F : 9 variants
	- SMITH-AD335F-EMQN : 24 variants
	- HD802-901 : 21 variants
	- H20 : 5 variants
- Auto_user_PGM-55-run_23_316v2_151015_SBT_colon_lung_v4_316v2_104 :
	- LECOR-AD370F : 12 variants
	- GAUTHIER-AD358F : 13 variants
	- SIAS-AD372F : 13 variants
	- LABROUSSE-AD371F : 17 variants
	- PETRIER-AD375F : 14 variants
	- HUSSON-AD373F : 14 variants
	- ARGILLOS-AD379F : 11 variants
	- ALESANDRE-AD376F : 6 variants
	- BELKEBIRMRANI-AD381F : 14 variants
	- TILLIET-AD380F : 9 variants
	- DELCROS-AD387F : 47 variants
	- MAZAUD-AD349F : 8 variants
	- PLANCHENAULT-AD350F : 10 variants
	- HD802-HD901 : 21 variants
	- H2O : 7 variants
	- CELESTINE-AD347F : 9 variants
- Auto_user_PGM-56-Run24_318v2_SBT_colon_lung_v4_318v2_105 :
	- ADN-SIEMENS-37S : 26 variants
	- FLOURET-AD388F : 11 variants
	- HD802-901 : 22 variants
	- H2O : 3 variants
	- LHEZ-AD403F : 11 variants
	- BANDAMA-ATIAMA-AD405F : 12 variants
	- ADN-SIEMENS-19S : 38 variants
	- ROY-AD400F : 10 variants
	- BERNATETS-AD406F : 12 variants
	- DE-CORDIER-AD408F : 10 variants
	- ADN-SIEMENS-43S : 38 variants
	- ADN-SIEMENS-7S : 13 variants
	- ADN-SIEMENS-13S : 11 variants
	- EL-SARNGAWY-AD399F : 9 variants
	- ADN-SIEMENS-33S : 10 variants
	- ADN-SIEMENS-1S : 306 variants
	- FOURNIER-AD421F : 11 variants
	- DURAND-AD413F : 9 variants
	- HARPER-AD412F : 10 variants
	- LETANG-AD410F : 12 variants
	- ALLARD-AD409F : 14 variants
	- LALANNE-AD419F : 13 variants
	- HORRILLO-AD416F : 12 variants
	- SEGUIN-AD415F : 33 variants
	- ADON-AD414F : 11 variants
- Auto_user_PGM-57-Run_25_316v2_SBT_colon_lung_v4_316v2_106 :
	- JOLY-AD470F : 9 variants
	- DESVERGNE-AD439F : 10 variants
	- OTAZO-Y-CHACART-AD428F : 10 variants
	- PELLERIN-AD430F : 11 variants
	- ETHEVE-AD452F : 38 variants
	- BOUROTTE-AD429F : 12 variants
	- LEPERLIER-AD454F : 18 variants
	- H2O : 2 variants
	- HD802-HD901 : 21 variants
	- SOLEILLET-AD449F : 13 variants
	- LECOUP-AD458F : 9 variants
	- COUILLAUD-AD457F : 9 variants
	- DACOL-AD455F : 11 variants
- Auto_user_PGM-58-Run26_316v2_SBT_colon_lung_v4_316v2_107 :
	- H2O : 3 variants
	- GONZALEZ-AD482F : 11 variants
	- SAMBU-AD484F : 11 variants
	- GOUA-AD483F : 10 variants
	- TOURNY-AD486F : 9 variants
	- BAUDET-AD487F : 11 variants
	- LAMSIAH-AD488F : 9 variants
	- FREDON-AD491F : 10 variants
	- BERAT-AD494F : 10 variants
	- PAQUET-AD495F : 15 variants
	- DANSEL-AD496F : 10 variants
	- HD802-901 : 22 variants
- Auto_user_PGM-60-Run27_SBT_colon_lung_v4_318v2_109 :
	- HUBERT-AD532F : 9 variants
	- DESPLEBIN-AD538F : 9 variants
	- MARTINEZ-AD523F : 10 variants
	- TREMY-AD524F : 77 variants
	- BOUILHET-AD543F : 11 variants
	- IRIQUIN-AD548F : 9 variants
	- TALIERCIO-AD541F : 41 variants
	- LE-TEXIER-AD542F : 12 variants
	- BROUQUE-AD552F : 14 variants
	- HD802-901 : 22 variants
	- DEBRIE-AD501F : 8 variants
	- DINETY-U966F : 23 variants
	- BLUME-AD505F : 12 variants
	- ROOSEL-AD504F : 10 variants
	- PERRAULT-AD508F : 14 variants
	- ROUDIER-AD506F : 9 variants
	- TOMASEK-AD518F : 12 variants
	- CAMBO-AD510F : 12 variants
	- PIGRE-AD520F : 9 variants
	- OUAATTA-AD519F : 13 variants
	- H2O : 7 variants
	- RASINANGUE-AD474F : 19 variants
- Auto_user_PGM-61-Run28_SBT_colon_lung_v4_318v2_110 :
	- DANIEL-AB110F : 11 variants
	- HUET-AB163F : 55 variants
	- CLANIS-AD583F : 10 variants
	- JARJANETTE-AD581F : 10 variants
	- POSTROS-AD584F : 51 variants
	- MARBOEUF-AD585F : 117 variants
	- PELLEREAU-I045F : 14 variants
	- LAPLASSOTTE-AB052F : 175 variants
	- BRAND-AD576F : 15 variants
	- BOY-AD571F : 10 variants
	- ACHON-AD568F : 10 variants
	- DUCOMET-AD580F : 13 variants
	- GRONDIN-AD579F : 117 variants
	- RAZEBASSIA-AD578F : 74 variants
	- PEPIN-AD577F : 13 variants
	- REBEYROL-AB454F : 11 variants
	- ROEDERER-AB437F : 32 variants
	- HD802-901 : 21 variants
	- GALINIE-AB469F : 43 variants
	- H2O : 1 variants
- Auto_user_PGM-62-Run_29_316v2_SBT_colon_lung_v4_316v2_111 :
	- VITALI-AD598F : 9 variants
	- VERGES-AD604F : 8 variants
	- KIEZER-AD592F : 10 variants
	- DULUCQ-AD596F : 11 variants
	- FUNG-LICK-MIN-AD593F : 41 variants
	- LACROIX-AD590F : 73 variants
	- BALASQUE-AD631F : 9 variants
	- GILLES-AD648F : 12 variants
	- FUNG-KWOK-CHINE-AD595F : 9 variants
	- BARON-M212F : 9 variants
	- HD802-HD901 : 21 variants
	- H2O : 6 variants
	- SCHMALTZ-AD612F : 10 variants
	- CASTAIGNOS-AD605F : 15 variants
	- BIHARY-AD627F : 12 variants
	- MENIQUE-AD602F : 14 variants
- Auto_user_PGM-63-Run30_318v2_SBT_colon_lung_v4_318v2_112 :
	- GUILLET-AD632F : 9 variants
	- HD802-901 : 21 variants
	- LACAZE-AD662F : 55 variants
	- ROGE-AD643F : 11 variants
	- H2O : 1 variants
	- DAUGA-AD633F : 13 variants
	- FAYOL-AD664F : 13 variants
	- KONDOKI-AD647F : 35 variants
	- PERRAULT-AD639F : 12 variants
	- MARTEL-AD660F : 11 variants
	- PACOUIL-AD654F : 10 variants
	- MICHEZ-AD634F : 9 variants
	- PARATGE-AD661F : 10 variants
	- BADANAI-AD659F : 12 variants
	- PAPILLAUD-AD656F : 13 variants
	- PIRES-AD655F : 12 variants
	- TRESACO-AD658F : 23 variants
	- POLO-AD636F : 10 variants
	- BAIRY-AD637F : 17 variants
	- ROCHE-AD641F : 7 variants
	- LARROUY-AD646F : 98 variants
	- NAHON-AD653F : 10 variants
- Auto_user_PGM-64-Run_31_318v2_SBT_colon_lung_v4_318v2_120 :
	- SAINTONGEY-AD714F : 10 variants
	- PINARD-AD715F : 10 variants
	- BIGLIARDI-AD711F : 11 variants
	- HD802-HD901 : 21 variants
	- BOURNE-AD651F : 12 variants
	- AMAVASSY-AD672F : 11 variants
	- GONZALEZ-AD710F : 10 variants
	- DE-LUCA-AD649F : 8 variants
	- DULIMBERT-AD674F : 10 variants
	- SAMBU-AD677F : 10 variants
	- H2O : 1 variants
	- LAVAUD-AD682F : 10 variants
	- KOSTIUK-AD709F : 9 variants
	- DAURIAC-AD712F : 9 variants
	- GAUTIER-AD704F : 10 variants
	- DESBARATS-AD689F : 10 variants
	- MAURER-AD701F : 10 variants
	- BEDOCH-AD692F : 8 variants
	- SERRA-AD691F : 10 variants
	- LAROCHE-AD690F : 7 variants
	- BRAGGIOTTI-AD673F : 13 variants
	- LAGANE-AD650F : 11 variants
	- BIGORGNE-PL02D5 : 9 variants
	- BORRAZ-AD707F : 9 variants
- Auto_user_PGM-65-Run32_318v2_SBT_colon_lung_v4_318v2_121 :
	- FONTAINE-AD657F : 8 variants
	- BEALO-AD757F : 8 variants
	- COURONNE-AD756F : 12 variants
	- LARRIVIERE-AD755F : 11 variants
	- SOKOLIK-AD750F : 12 variants
	- DISSAT-AD747F : 11 variants
	- LOUVEAU-AD739F : 11 variants
	- TEILLARD-AD737F : 10 variants
	- ALDROVANDI-AD736F : 9 variants
	- BERGEROT-AD728F : 10 variants
	- H2O : 3 variants
	- HD802-901 : 26 variants
	- MOULIA-AD727F : 12 variants
	- ALLARD-AD724F : 10 variants
	- CARO-AD723F : 12 variants
	- HAMON-AD726F : 12 variants
	- MOITIE-AD725F : 10 variants
	- LINARES-AD761F : 14 variants
	- PINELLI-AD768C : 8 variants
	- ARNAUD-AD730F : 10 variants
	- MICHAUX-AD732F : 12 variants
	- TSANG-KING-SANG-AD740F : 9 variants
	- SICRE-AD758F : 12 variants
	- CIVRAC-AD733F : 10 variants
	- FAUQUE-AD741F : 11 variants
	- BOUFFARD-AD748F : 13 variants
	- GENSON-AD760C : 11 variants
- Auto_user_PGM-69-Run_33_316v2_SBT_colon_lung_v4_316v2_127 :
	- H2O : 0 variants
	- FLORENCY-AD777F : 8 variants
	- SERY-AD775F : 10 variants
	- GRONDIN-AD783F : 11 variants
	- DUFOUR-AD781F : 9 variants
	- GUILLOT-AD789F : 26 variants
	- MICHEL-AD788F : 10 variants
	- FELOMAKI-AD790F : 9 variants
	- CORNU-AD766F : 149 variants
	- PONIN-BALLOM-AD785F : 9 variants
	- HD802-HD901 : 21 variants
- Auto_user_PGM-70-Run34_SBT_colon_lung_v4_318v2_128 :
	- LEPERVIER-AD814F : 38 variants
	- AREILLE-DIT-SARLA-AD800F : 13 variants
	- LACAZE-AD823F : 24 variants
	- RANSINANGUE-AD716F : 8 variants
	- BLACHON-AD820F : 11 variants
	- NONANTA-AD791F : 10 variants
	- GIACOMAZZI-AD822F : 12 variants
	- PERY-AD805F : 7 variants
	- LAPARRA-AD792F : 10 variants
	- LESQUERPIT-AD793F : 9 variants
	- HD802-901 : 21 variants
	- H2O : 4 variants
	- IRAOLA-AD821F : 10 variants
	- SINGERY-AD817F : 12 variants
	- POUPOT-AD816F : 11 variants
	- SAVIGNAC-AD804F : 9 variants
	- BOTTRICH-AD803F : 9 variants
	- MAGNON-AD801F : 8 variants
	- SALICETI-AD794F : 16 variants
	- COLLIN-AD815F : 11 variants
	- DUCROS-AD812F : 12 variants
	- BARADAT-AD811F : 14 variants
	- GUIZZO-AD808F : 10 variants
- Auto_user_PGM-73-Run35_SBT_colon_lung_v4_318v2_131 :
	- BOUZIGUES-AD832F : 142 variants
	- FILLEAU-AD852F : 12 variants
	- GAGLIARDI-AD851F : 11 variants
	- BAUER-AD850F : 14 variants
	- ARNAL-AD845F : 10 variants
	- PAIN-AD842F : 8 variants
	- GONNIER-AD841F : 11 variants
	- HOARAU-AD840F : 11 variants
	- ELEONORE-AD839F : 11 variants
	- PISSIER-AD854F : 10 variants
	- SOREIL-AD871F : 9 variants
	- H2O : 12 variants
	- HD802-HD901 : 21 variants
	- DAMOUR-AD835F : 10 variants
	- DUHALDE-AD826F : 95 variants
	- COUPOUSSAMY-AD825F : 10 variants
	- FONTENEAU-AD831F : 15 variants
	- NAVARRO-AD827F : 9 variants
	- BAISSON-AD869F : 9 variants
	- MALEIX-AD870F : 10 variants
	- ALEX-AD843F : 13 variants
	- CANTO-MACIEIRA-AD844F : 9 variants
	- SGUERRA-AD853F : 10 variants
	- ESTEVE-AD856F : 11 variants
	- BESSIERE-AD860F : 10 variants
	- SERRANO-AD865F : 11 variants
	- ILLARET-AD866F : 183 variants
	- VIERA-AD867F : 9 variants
- Auto_user_PGM-72-Run36_SBT_colon_lung_v4_318v2_130 :
	- MARTIN-CQ-AD913F : 31 variants
	- COLON-P17-CQ-AD902F : 43 variants
	- GILLOU-CQ-AD911F : 20 variants
	- GOLDING-CQ-AD912F : 11 variants
	- FISCHER-CQ-AD905F : 54 variants
	- TERRY-CQ-AD906F : 15 variants
	- KRAHWINKEL-CQ-AD903F : 32 variants
	- GAUDIN-CQ-AD904F : 13 variants
	- ZAPELLI-CQ-AD907F : 10 variants
	- MELANOME-P17-CQ-AD896F : 24 variants
	- BOWDER-CQ-AD900F : 21 variants
	- ALIBERT-CQ-AD899F : 20 variants
	- LE-COSSEC-AD874F : 11 variants
	- MEYNARD-AD872F : 11 variants
	- POUMON-P17-CQ-AD908F : 18 variants
	- LORIOT-AD875F : 10 variants
	- BOUGNOL-CQ-AD910F : 195 variants
	- THIEBAUT-CQ-AD909F : 61 variants
	- BROQUEDIS-CQ-AD898F : 17 variants
	- COOPER-CQ-AD897F : 14 variants
	- H2O : 7 variants
	- HD802-901 : 22 variants
	- KNIGHT-CQ-AD901F : 11 variants
- Auto_user_PGM-74-Run37_318v2_SBT_colon_lung_v4_318v2_132 :
	- ROBERT-AD941F : 10 variants
	- HOFFMANN-AD942F : 52 variants
	- ABLANCOURT-AD947F : 9 variants
	- CONSTANTIN-AD949F : 24 variants
	- COMBEAU-AD933F : 9 variants
	- CAMUS-AD934F : 11 variants
	- GERAUD-AD935F : 10 variants
	- VIDEAU-AD936F : 14 variants
	- ABDALLAH-AD950F : 19 variants
	- BRUTIER-AD951F : 13 variants
	- CUCIUFFO-AD953F : 10 variants
	- H2O : 8 variants
	- HD802-HD901 : 22 variants
	- BARRERO-AD963F : 10 variants
	- ECUYER-AD962F : 12 variants
	- ROULEAU-AD961F : 8 variants
	- LOPES-DE-JESUS-AD959F : 9 variants
	- TOUMAHOUAKOU-N-AD958F : 16 variants
	- MIGLIORE-AD931F : 39 variants
	- MONTES-GONZALO-AD928F : 13 variants
	- CARTRON-AD956F : 14 variants
	- GOSTYMEN-AD927F : 13 variants
	- GIULIANI-AD952F : 18 variants
	- GUILLOT-AD955F : 11 variants
	- LESQUERPIT-AD954F : 20 variants
- Auto_user_PGM-75-Run38_318v2_SBT_colon_lung_v4_318v2_133 :
	- HD802-HD901 : 21 variants
	- H2O : 15 variants
	- BARBINI-AD926F : 92 variants
	- ALEJO-AD964F : 14 variants
	- LAVIGNE-AD985F : 11 variants
	- GAMBARO-AD984F : 38 variants
	- ARLIX-AD987F : 11 variants
	- BOUQUIL-AD986F : 10 variants
	- MONDESIR-AD989F : 13 variants
	- GUICHOU-AD988F : 13 variants
	- CLAUSTRES-AD991F : 8 variants
	- LAKERMI-AD990F : 11 variants
	- TRIBOULLIER-BAUDIN-AD992F : 10 variants
	- DOURNEAU-AD993F : 9 variants
	- LESQUELIN-AD982F : 6 variants
	- VILLENAVE-AD983F : 38 variants
	- MAZEAU-AD929F : 10 variants
	- LABROUSSE-AD966F : 8 variants
	- LOEUILLET-AD943F : 12 variants
	- RAZAN-AD960F : 70 variants
	- LECAT-AD967F : 11 variants
	- PAVERNE-AD968F : 7 variants
	- SABAROTS-AD972F : 30 variants
	- BARDY-AD974F : 16 variants
- Auto_user_PGM-77-Run39_60pM_Chef_SBT_colon_lung_v4_318v2_136 :
	- DUEZ-AE019F : 11 variants
	- NEYMON-AE012F : 8 variants
	- MILAN-AE020F : 11 variants
	- BERGES-AE006F : 11 variants
	- BRUN-AE027F : 11 variants
	- CANTON-BACARA-AE026F : 9 variants
	- BLANCHARD-AD998F : 9 variants
	- LEQUIVARD-AE030F : 10 variants
	- GIRARD-AE028F : 8 variants
	- MATHE-AE031F : 65 variants
	- ETCHEVERRY-AE032F : 15 variants
	- MAURIAL-AE033F : 9 variants
	- MIRRE-AE021F : 50 variants
	- LE-TROQUER-AE025F : 9 variants
	- BAQUE-AE029F : 12 variants
	- HD802-HD901-HD802-HD901 : 23 variants
	- H2O-H2O : 18 variants
- Auto_user_PGM-81-Run40_60pM_Chef_SBT_colon_lung_v4_318v2_140 :
	- COURRELONGUE-AE048F : 10 variants
	- DETRIEUX-AE056F : 11 variants
	- H2O : 12 variants
	- LAPERGE-AE023F : 12 variants
	- GAUTREAU-AE043F : 11 variants
	- HD802-HD901 : 22 variants
	- PRESSUTO-AE024F : 7 variants
	- ZETTOR-AA305F : 26 variants
	- DUCHAMP-AE067F : 11 variants
	- ANDREAZZA-AE065F : 15 variants
	- LOUGNON-AE062F : 11 variants
	- POIROT-AE061F : 12 variants
	- SIMONIS-AE060F : 12 variants
	- GENESTE-AE059F : 17 variants
	- ACCOT-AE054F : 11 variants
	- CAZAUGADE-AE040F : 10 variants
	- MAISONNAVE-AE039F : 15 variants
	- POUMON-P17-CQ-AD908F : 19 variants
	- COLON-P17-CQ-AD902F : 39 variants
	- MELANOME-P17-CQ-AD896F : 27 variants
	- FORTEVILLE-AE041F : 23 variants
	- LOKHANDWALA-AE042F : 17 variants
	- FRENEAUX-AE051F : 10 variants
	- CLAIN-AE057F : 12 variants
	- BESNIER-AE058F : 13 variants
	- BERDENARD-AE064F : 17 variants
	- PEYTOUT-AE047F : 169 variants
- Auto_user_PGM-82-Run41_60pM_Chef_SBT_colon_lung_v4_318v2_141 :
	- H2O : 44 variants
	- SELUI-AE089F : 11 variants
	- IWAN-AE085F : 9 variants
	- WADJAHDI-AE084F : 10 variants
	- BERNARD-AE083F : 14 variants
	- LATOUCHE-AE082F : 10 variants
	- FERAL-AE081F : 16 variants
	- OSSARD-AE080F : 15 variants
	- LAFFONT-AE079F : 96 variants
	- AGOURERE-AE078F : 13 variants
	- HD802-HD901 : 23 variants
	- TALLON-AE109F : 13 variants
	- LUDEL-AE088F : 7 variants
	- DUMAS-AE101F : 72 variants
	- DARTIGALONGUE-AE086F : 14 variants
	- LEDU-AE105F : 12 variants
	- LAURET-AE103F : 13 variants
	- CABRAL-RODRIGUES-AE090F : 11 variants
	- MASSICARD-AE095F : 13 variants
	- AUBON-AE096F : 8 variants
	- MARCUZ-AE108F : 9 variants
	- VINCENT-AE116F : 11 variants
	- FERREIRA-VIEIRA-AE117F : 12 variants
	- MOHAMED-AE087F : 15 variants
- Auto_user_PGM-83-Run42_30pM_Chef_SBT_colon_lung_v4_318v2_142 :
	- DARRIEULAT-AE131F : 7 variants
	- STIVALA-AE133F : 187 variants
	- KOUINPI-AE136F : 17 variants
	- LAMTALSI-AE138F : 12 variants
	- DELMEJA-AE120F : 9 variants
	- BAIN-AE128F : 9 variants
	- TOKOTUU-AE130F : 12 variants
	- SERPIN-AE144F : 11 variants
	- CALENGE-AE145F : 9 variants
	- HD802-HD901 : 21 variants
	- LINARES-AE146F : 10 variants
	- LAFON-AE121F : 14 variants
	- DAVOUX-AE137F : 12 variants
	- SUREAU-AE154F : 12 variants
	- MADI-AE150F : 14 variants
	- DORDONNE-AE147F : 48 variants
	- LOPEZ-AE125F : 12 variants
	- HYPOLYTE-AE119F : 11 variants
	- PROUST-AE118F : 9 variants
	- AUMAITRE-AE149F : 12 variants
	- BRIMALDI-AE148F : 9 variants
	- LAPRIE-AE153F : 9 variants
	- DAOUME-AE151F : 34 variants
	- H2O : 9 variants
- Auto_user_PGM-84-Run43_30pM_Chef_SBT_colon_lung_v4_318v2_143 :
	- CAVEY-AE176F : 12 variants
	- LECLAIR-AE169F : 12 variants
	- CHRISTOPHE-AE198F : 13 variants
	- MILLAC-AE199F : 11 variants
	- NADEAU-AE189F : 12 variants
	- HD802-HD901 : 21 variants
	- CLAYTON-AE173F : 12 variants
	- GRONDIN-AE177F : 19 variants
	- H2O : 8 variants
	- GRANDE-AE172F : 10 variants
	- THIERS-AE171F : 10 variants
	- CANOVAS-AE175F : 9 variants
	- FLIEG-AE174F : 13 variants
	- DALET-AE182F : 14 variants
	- SOULAN-AE178F : 7 variants
	- GEAY-AE190F : 7 variants
	- BENEYTOU-AE188F : 11 variants
	- MENDOZA-AZO-AE196F : 14 variants
	- BAZILLE-AE195F : 10 variants
	- DOUTHE-AE167F : 17 variants
	- FISTIE-AE168F : 10 variants
	- DEMETER-AE156F : 12 variants
	- GUILLOT-AE159F : 10 variants
	- LADRAT-AE162F : 130 variants
	- DE-LA-REBERDIERE-AE163F : 10 variants
	- OYHARCABAL-AE164F : 12 variants
	- CAUBET-HILLOUTO-AE165F : 10 variants
	- LARRAMENDY-AE166F : 10 variants
- Auto_user_PGM-86-Run44_30pM_Chef_SBT_colon_lung_v4_318v2_145 :
	- LE-VILAIN-AE235F : 5 variants
	- LANNEVERE-PLO2E8 : 11 variants
	- FEYDEL-PLO2G6 : 13 variants
	- BIGORGNE-PLO2G7 : 8 variants
	- DELPECH-AE238F : 23 variants
	- BLANCHE-AE225F : 9 variants
	- CLEMENT-AE224F : 8 variants
	- BERNARD-AE210F : 10 variants
	- SINJY-CHINREDY-AE203F : 7 variants
	- VINCENT-PLO2H9 : 10 variants
	- BOURGEADE-PLO2I1 : 11 variants
	- NOIZILLEAU-AE237F : 18 variants
	- OULION-AE236F : 9 variants
	- VINCENT-AE219F : 11 variants
	- MEURQUIN-AE206F : 9 variants
	- MAZERAN-AE205F : 10 variants
	- FOARE-AE204F : 15 variants
	- HD802-HD901 : 23 variants
	- SAUBION-AE228F : 8 variants
	- JONGES-J772F : 13 variants
	- WULGUE-AE223F : 9 variants
	- H2O : 17 variants
	- SMITH-AE229F : 15 variants
- Auto_user_PGM-87-Run45_30pM_Chef_SBT_colon_lung_v4_318v2_146 :
	- MULLER-AE269F : 11 variants
	- PASICOT-AE266F : 9 variants
	- MORET-AE256F : 13 variants
	- MIHIT-AE249F : 10 variants
	- ESPINASSE-AE246F : 14 variants
	- LAROCHE-AE245F : 26 variants
	- VILLATTE-AE244F : 9 variants
	- CATTELLANI-AE243F : 11 variants
	- GONZALEZ-AE242F : 12 variants
	- H2O : 14 variants
	- VAISSEAU-AE241F : 10 variants
	- JARJANETTE-AE214F : 11 variants
	- ASTIER-AE257C : 10 variants
	- HD802-HD901 : 21 variants
	- PULIDO-AE270F : 11 variants
	- HARADJI-AE271F : 12 variants
	- DEVELTIER-AE275F : 9 variants
	- AMANY-SAVRIMOUTOU-AE240F : 22 variants
	- SIMON-AE272F : 9 variants
	- MELIN-AE248F : 11 variants
	- PISSIER-AE273F : 10 variants
	- ROBIN-AE274F : 12 variants
- Auto_user_PGM-89-Run47_30pM_Chef_SBT_colon_lung_v4_318v2_148 :
	- GUDIKA-AE351F : 11 variants
	- ADIN-AE377F : 11 variants
	- TRESACO-AE362F : 10 variants
	- BERLAND-AE381F : 17 variants
	- SAVIGNY-AE363F : 10 variants
	- MORA-AE364F : 12 variants
	- GOUIN-AE352F : 10 variants
	- BERHO-AE360F : 11 variants
	- AUDOUX-AE386F : 11 variants
	- ABRIL-ORDAX-AE396F : 11 variants
	- BERGERON-AE379F : 11 variants
	- FONTAINE-AE387F : 11 variants
	- FAURE-AE384F : 12 variants
	- HD802-HD901 : 21 variants
	- DUT-52M : 85 variants
	- TIAVOUANE-AE388F : 10 variants
	- H2O : 13 variants
	- DAGUISE-AE395F : 9 variants
	- BRU-58M : 10 variants
	- DEM-55M : 10 variants
	- MIT-53M : 23 variants
- Auto_user_PGM-94-Run48_30pM_Chef_SBT_colon_lung_v4_318v2_153 :
	- WILMOUTH-AE448F : 17 variants
	- CANTAN-AE414F : 12 variants
	- H2O : 9 variants
	- MARTIN-AE413F : 6 variants
	- COUDRAY-AE409F : 16 variants
	- MARQUET-AE443F : 12 variants
	- LE-MOINE-AE439F : 10 variants
	- HD802-HD901 : 22 variants
	- BRIDET-AE441F : 11 variants
	- FORT-AE446F : 11 variants
	- BUREAU-AE398F : 10 variants
	- POADJARE-AE404F : 15 variants
	- GIRAUD-AE407F : 12 variants
	- ANDRIEUX-AE410F : 11 variants
	- ROUANET-DELANOUE-AE412F : 28 variants
	- FONVIEILLE-AE403F : 9 variants
	- OUVRARD-AE416F : 10 variants
	- MAQUOY-AE418F : 13 variants
	- LAPEYRONNIE-AE429F : 11 variants
	- VERGELY-AE440F : 10 variants
- Auto_user_PGM-95-Run49_30pM_Chef_SBT_colon_lung_v4_318v2_154 :
	- ROSIER-AE461F : 13 variants
	- BERT-AE459F : 12 variants
	- LOOTGIETER-AE463F : 8 variants
	- ETIENNE-AE456F : 11 variants
	- MAILLOT-AE458F : 14 variants
	- BERGER-AE451F : 11 variants
	- RABION-AE434F : 9 variants
	- ALBUCHER-AE455F : 12 variants
	- BAIN-AE452F : 23 variants
	- REALAN-AE476F : 10 variants
	- SI-HAMIDA-AE464F : 12 variants
	- THUONG-SOO-AE483F : 13 variants
	- VIDOT-AE482F : 13 variants
	- BERBY-AE454F : 7 variants
	- BOX-AE462F : 14 variants
	- LALUT-AE449F : 34 variants
	- ROUGER-AE453F : 14 variants
	- HD802-HD901 : 22 variants
	- H2O : 23 variants
	- DORMOY-AE457F : 12 variants
- Auto_user_PGM-96-Run50_30pM_Chef_SBT_colon_lung_v4_318v2_155 :
	- 51M-51M : 17 variants
	- 54M-54M : 6 variants
	- GASTAGNADA-AE494F : 8 variants
	- PARANTAU-AE518F : 13 variants
	- 60M-60M : 17 variants
	- 61M-61M : 10 variants
	- 57M-57M : 29 variants
	- 59M-59M : 9 variants
	- 63M-63M : 13 variants
	- 64M-64M : 11 variants
	- COULOUDOU-AE517F : 10 variants
	- BASILE-AE490F : 118 variants
	- XAVIER-AE499F : 10 variants
	- DOYHAMBER-AE495F : 12 variants
	- HILLOUIN-AE508F : 11 variants
	- FEVRE-AE506F : 8 variants
	- MOMIMAUD-AE520F : 11 variants
	- CONDE-AE519F : 13 variants
	- MIGNOT-AE524F : 17 variants
	- BODARWE-AE521F : 9 variants
	- H2O : 0 variants
	- HD802-HD901 : 9 variants
	- 66M-66M : 6 variants
	- 65M-65M : 14 variants
	- DAL-BEN-AE492F : 16 variants
	- MATHELIET-AE493F : 8 variants
	- BERENGUER-AE488F : 11 variants
	- DUPONT-AE489F : 8 variants
- Auto_user_PGM-97-Run51_Chef_SBT_colon_lung_v4_318v2_157 :
	- GIRAULT-AE550F : 13 variants
	- ENFON-AE552F : 11 variants
	- KAMOISE-AE531F : 12 variants
	- ROBERT-AE532F : 44 variants
	- TIMBOU-AE536F : 17 variants
	- CAZILHAC-AE542F : 9 variants
	- HUON-AE544F : 14 variants
	- LESUEUR-AE549F : 11 variants
	- GEFFRAY-AE543F : 11 variants
	- SOUPRAYENMESTRY-AE545F : 15 variants
	- PUYO-AE547F : 0 variants
	- H2O : 6 variants
	- HD802-HD901 : 27 variants
	- BONNIN-AC059F : 12 variants
	- VALLANTIN-AE538F : 9 variants
	- 67M-67M : 11 variants
	- REY-AE535F : 7 variants
	- LAJOINIE-AE534F : 8 variants
	- RICCHI-AE541F : 17 variants
	- INCADOU-AE533F : 10 variants
	- PETRINE-AE546F : 85 variants
	- RUCKEBUSCH-AE529F : 13 variants
	- GUILLEMIN-AE530F : 13 variants
	- GREZES-AE556F : 12 variants
	- BOURGEADE-AB493F : 10 variants
	- DURAND-AE548F : 14 variants
- Auto_user_PGM-98-Run52_Chef_SBT_colon_lung_v4_318v2_156 :
	- COTTRET-AE575F : 13 variants
	- STRAZEL-AE574F : 16 variants
	- BONHOMME-AE573F : 22 variants
	- BRAU-AE566F : 14 variants
	- LEZEAU-AE570F : 9 variants
	- GUITRAUD-AE595F : 12 variants
	- VIGNES-AE592F : 9 variants
	- CAPARROS-AE585F : 11 variants
	- PUYO-AE547F : 22 variants
	- CORRUE-AE411F : 11 variants
	- H2O : 15 variants
	- HD802-HD901 : 21 variants
	- FARBOS-AE596F : 16 variants
	- MILLET-AE583F : 9 variants
	- GIL-AE576F : 14 variants
	- PITOU-AE578F : 12 variants
	- BOP-AE581F : 13 variants
	- SALES-AE593F : 11 variants
	- MARKA-AE594F : 17 variants
	- DAGORN-AE597F : 12 variants
	- BREDA-AE582F : 11 variants
	- OREILLER-AE584F : 14 variants
- Auto_user_PGM-99-Run53_Chef_SBT_colon_lung_v4_318v2_158 :
	- CHAUVEAU-AE612F : 7 variants
	- LECOULS-AE613F : 14 variants
	- BESSEDE-AE606F : 17 variants
	- MIHIT-BELHAJOJ-AE611F : 8 variants
	- JUIGNE-AE622F : 9 variants
	- LE-GUNE-AE623F : 15 variants
	- WINSON-AE618F : 15 variants
	- VILRUS-AE621F : 13 variants
	- CONA-AE624F : 9 variants
	- LESPRIT-AE625F : 8 variants
	- H2O : 4 variants
	- MUTIN-AE631F : 10 variants
	- COMPARATIF54M-AC548F : 39 variants
	- COMPARATIF57M-AC591F : 45 variants
	- COMPARATIF60M-AC596F : 14 variants
	- LARROZE-CHICOT-AE639F : 16 variants
	- DELAGE-AE635F : 12 variants
	- LASSERRE-AE617F : 12 variants
	- ETCHECHOURY-AE616F : 10 variants
	- LINSSEN-AE605F : 11 variants
	- DUBEDOUT-AE603F : 12 variants
	- DAURAT-AE629F : 17 variants
	- LACHAUD-AE628F : 10 variants
	- BLAISEAU-AE614F : 97 variants
	- INCAMA-AE630F : 16 variants
	- REZAC-AE602F : 9 variants
	- DUFOURCQ-BIDAU-AE640F : 9 variants
	- HD802-HD901 : 3 variants
- Auto_user_PGM-100-Run54_30pM_Chef_SBT_colon_lung_v4_318v2_159 :
	- RINGUIN-VELLEYEN-AE643F : 14 variants
	- ROUMEGOUX-AE644F : 12 variants
	- ANDRIEUX-AE645F : 9 variants
	- HASHIMOTO-AE647F : 14 variants
	- RANALDI-AE686F : 11 variants
	- DANELON-AE678F : 11 variants
	- BARDEAU-AE667F : 14 variants
	- GUENIN-AE664F : 41 variants
	- CALIOT-AE649F : 6 variants
	- MARTINEZ-AE666F : 10 variants
	- SARDINHA-AE660F : 10 variants
	- TANGOPI-AE646F : 110 variants
	- CEUS-AE642F : 9 variants
	- DALMEIDA-AE682F : 11 variants
	- DUBOURG-AE661F : 6 variants
	- PEYRAUBE-AE648F : 73 variants
	- BENHAMED-AE671F : 10 variants
	- NAU-AE663F : 12 variants
	- HD802-HD901 : 21 variants
	- H2O : 26 variants
	- BRUNEEL-AE687F : 10 variants
	- BEAU-AE692F : 13 variants
	- LEON-AE694F : 14 variants
	- MIKAILITCHENKO-AE695F : 12 variants
	- DILLERIN-AE696F : 21 variants
	- FELLAH-AE697F : 12 variants
	- LEPECHEUR-AE693F : 9 variants
	- DUBOSCQ-AE655C : 11 variants
- Auto_user_PGM-101-Run55_30pM_Chef_SBT_colon_lung_v4_318v2_160 :
	- RACINE-AE691F : 13 variants
	- MINATCHY-AE688F : 7 variants
	- WEIL-AE719F : 10 variants
	- ARMOUGON-AE700F : 12 variants
	- CASTILLO-AE731F : 11 variants
	- DESCAZEAUX-AE722F : 14 variants
	- MENSAC-AE733F : 12 variants
	- CUZACQ-AE732F : 19 variants
	- LEROY-AE739F : 10 variants
	- MARTIN-AE735F : 7 variants
	- REVEL-MOUROZ-AE674F : 18 variants
	- VARNIZY-AA479F : 9 variants
	- ARESKI-OU-ADOUR-AE740F : 7 variants
	- CHABOT-AE738F : 21 variants
	- HUNEAU-AE673F : 22 variants
	- CAPDEPONT-PLO2I4 : 9 variants
	- TEJERA-M565F : 8 variants
	- H2O : 15 variants
	- HD802-HD901 : 20 variants
- Auto_user_PGM-104-Run56_30pM_Chef_SBT_colon_lung_v4_318v2_164 :
	- BALLANGER-AE760F : 14 variants
	- MIGNOT-AE769F : 10 variants
	- DESTOMBES-AE784F : 9 variants
	- DUVERT-AE734F : 210 variants
	- DUFOURCQ-BIDAU-AE786F : 10 variants
	- GAVIN-AE787F : 11 variants
	- MAZEAU-AE766F : 18 variants
	- COUDRAY-AE741F : 16 variants
	- MARCEL-AE759F : 11 variants
	- LEBON-AE790F : 10 variants
	- RIMONT-AE795F : 13 variants
	- HERAUD-PL02I6 : 24 variants
	- H2O : 11 variants
	- HD802-HD901 : 21 variants
	- GERVILLE-AE773F : 95 variants
	- HO-CHOA-AE772F : 18 variants
	- VAUNAC-AE765F : 10 variants
	- BOLOSIER-AE764F : 41 variants
	- DESROCHES-AE763F : 12 variants
	- ZAMITH-AE762F : 17 variants
	- LACROIX-AE797F : 9 variants
	- BERTHO-AE796F : 9 variants
	- BONNEROT-AE768F : 28 variants
	- MARQUET-AE770F : 10 variants
	- ALSUGUREN-AE799F : 11 variants
	- FULMART-AE767F : 33 variants
	- MIRANDA-AE771F : 12 variants
	- PHALARIS-AE798F : 57 variants
- Auto_user_PGM-105-Run57_30pM_Chef_SBT_colon_lung_v4_318v2_165 :
	- LAVESQUE-AE823F : 9 variants
	- MAILLOU-AE817F : 10 variants
	- VERGIER-AE815F : 38 variants
	- VIREMOUNEIX-AE810F : 8 variants
	- GRANGEIRO-AE809F : 11 variants
	- GUILHOT-AE794F : 9 variants
	- SAUTEUR-AE792F : 11 variants
	- BUREAU-AE789F : 11 variants
	- PRESSE-AE805F : 12 variants
	- GRECO-CHATEAUBON-AE801F : 13 variants
	- CAMBRONNE-BOBIN-AE803F : 11 variants
	- PELLAN-AE802F : 8 variants
	- MARIE-ELIZA-AE800F : 17 variants
	- LACROIX-AE804F : 11 variants
	- H2O : 42 variants
	- THIEBAUT-AE831F : 12 variants
	- TEDESCO-AE832F : 10 variants
	- SANGARIA-AE834F : 9 variants
	- POUBLAN-BAZIET-AE829F : 11 variants
	- COURCELLE-AE835F : 11 variants
	- MOJON-AE811F : 9 variants
	- GAUTHIER-AE833F : 9 variants
	- HD802-HD901 : 22 variants
- Auto_user_PGM-106-Run58_230216_Chef_SBT_colon_lung_v4_318v2_169 :
	- BOURGI-AE879F : 12 variants
	- BROCHARD-AE881F : 13 variants
	- LEGER-AE872F : 27 variants
	- MARCEL-AE874F : 11 variants
	- JOUANEM-AE885F : 10 variants
	- IOPUE-AE888F : 19 variants
	- UHL-AE882F : 6 variants
	- BOURRINET-AE884F : 11 variants
	- MATHIVET-AE889F : 10 variants
	- CARRIE-AE890F : 13 variants
	- MORVAN-AE857F : 13 variants
	- BALYSZYN-AE853F : 72 variants
	- IMBERT-AE860F : 11 variants
	- GIULIANO-AE859F : 11 variants
	- JULIE-AE864F : 87 variants
	- MESSINES-AE863F : 32 variants
	- ANDRE-AE866F : 10 variants
	- NAAOUTCHOUE-AE865F : 11 variants
	- RAIMOND-AE868F : 11 variants
	- ROBERT-AE867F : 12 variants
	- GRATIA-AE851F : 13 variants
	- H2O : 41 variants
	- HD802-HD901 : 22 variants
	- STIVALA-AE852F : 12 variants
- Auto_user_PGM-107-Run59_230216_Chef_SBT_colon_lung_v4_318v2_170 :
	- FARJON-AE926F : 9 variants
	- CHEING-SHUIG-AE930F : 11 variants
	- EL-HAIRECH-AE931F : 10 variants
	- DAMESTOY-PL02I7 : 12 variants
	- MORENO-AE903F : 34 variants
	- TIMBERT-AE904F : 10 variants
	- DESGRANS-AE921F : 13 variants
	- GRODWOHL-AE925F : 13 variants
	- MAXWELL1-53M : 154 variants
	- MAXWELL2-54M : 14 variants
	- COGNACQ-AE861F : 14 variants
	- H2O : 27 variants
	- HD802-HD901 : 26 variants
	- POURCELOT-AE862F : 29 variants
	- BERRY-AE895F : 10 variants
	- BEAUDY-AE894F : 10 variants
	- BLAISEAU-AE858F : 18 variants
	- SIMOES-AE869F : 67 variants
	- CULIS-AE854F : 31 variants
	- GUILBERT-AE920F : 20 variants
	- GALIMARD-AE929F : 92 variants
	- VERGIER-AE922C : 10 variants
	- VIRGILI-AE893F : 12 variants
- Auto_user_PGM-108-Run60_Chef_SBT_colon_lung_v4_318v2_171 :
	- DUBOS-AE968F : 11 variants
	- LABORDE-CHISALITA-AE945F : 8 variants
	- RACITI-AE944F : 15 variants
	- TROUILLEFOU-AE943F : 13 variants
	- MAILLOT-AE939F : 13 variants
	- COEYMANS-AE935F : 13 variants
	- PECORINI-AE983F : 14 variants
	- LAROCHE-AE975F : 14 variants
	- LAFOSSE-AE987F : 14 variants
	- STOUVENOT-AE985F : 108 variants
	- HD802-HD901 : 24 variants
	- LALUT-AE981F : 15 variants
	- H2O : 29 variants
	- DES-ESGAULX-DE-NOLET-AE990F : 10 variants
	- LACHAISE-AE974F : 14 variants
	- RECKEBOURG-AE969F : 13 variants
	- DESOLE-AE959F : 11 variants
	- MOTUHI-AE940F : 18 variants
	- GUIGNARD-AE965F : 19 variants
	- LAMITIE-AE970F : 14 variants
	- SEDDI-AE971F : 12 variants
	- GUIGLION-AE984F : 11 variants
	- ANTOINE-AE986F : 10 variants
- Auto_user_PGM-109-Run61_Chef_SBT_colon_lung_v4_318v2_172 :
	- SUMILLERA-AE997F : 15 variants
	- JEAN-AE999F : 10 variants
	- BARTHELEMY-AF014F : 9 variants
	- HO-CHO-AF015F : 64 variants
	- CAZAL-AF008F : 7 variants
	- GOMES-AE998F : 14 variants
	- MOHAMED-AF003F : 24 variants
	- VAULBERT-AF005F : 13 variants
	- SMITES-AF001F : 7 variants
	- SIM-68M : 103 variants
	- DUM-77M : 13 variants
	- HD802-HD901 : 22 variants
	- H2O : 28 variants
	- CASTANO-AF009F : 13 variants
	- MOR-70M : 11 variants
	- CUL-76M : 63 variants
	- IMB-75M : 10 variants
	- GIMENES-AE995F : 9 variants
	- BAL-71M : 47 variants
	- ISAMBERT-AF002F : 48 variants
	- JUL-69coupes : 81 variants
	- JUL-69M : 80 variants
	- BRO-74M : 10 variants
	- DES-73M : 11 variants
	- MOT-72M : 38 variants
	- BAL-71coupes : 34 variants
- Auto_user_PGM-112-Run62_30pM_Chef_SBT_colon_lung_v4_318v2_177 :
	- SOUDEIX-AF034F : 11 variants
	- CLAVE-AF035F : 34 variants
	- MAILLE-AF036F : 9 variants
	- JARD-AF038F : 15 variants
	- ALBINO-AF033F : 13 variants
	- BONFANTI-AF039F : 9 variants
	- CHAZELAS-AF040F : 8 variants
	- ARDOUIN-AF030F : 13 variants
	- GENDRE-AF059F : 10 variants
	- GUE-AF056F : 10 variants
	- EVANS-AF046F : 81 variants
	- ROBERT-AF037F : 11 variants
	- BAUD-AF029F : 11 variants
	- GIRARDEAU-AF063F : 28 variants
	- DADI-AF060F : 11 variants
	- MUSSET-AF058F : 10 variants
	- UKAJO-AF057F : 13 variants
	- MOSCAVIT-AF042F : 9 variants
	- IMBERT-AF041F : 11 variants
	- HEINRICH-AF054F : 12 variants
	- LAFAYE-AF053F : 14 variants
	- GONI-AMESTOY-AF031F : 27 variants
	- GONI-AMESTOY-AF032F : 12 variants
	- HD802-HD901 : 23 variants
	- H2O : 37 variants
- Auto_user_PGM-113-Run63_30pM_Chef_SBT_colon_lung_v4_318v2_178 :
	- LAMOU-AF098F : 12 variants
	- LEROYER-AF100F : 11 variants
	- VILLIERS-AF095F : 10 variants
	- TESSIER-AF097F : 10 variants
	- HD802-HD901 : 21 variants
	- H2O : 47 variants
	- RINGOOT-AF101F : 11 variants
	- SICOT-AF102F : 14 variants
	- DEWINCKELEER-AF070F : 10 variants
	- SOULIE-AF080C : 8 variants
	- BORDIER-AF074F : 48 variants
	- LEVY-AF073F : 11 variants
	- SALORT-AF088F : 11 variants
	- BOILEAU-AF076F : 10 variants
	- BOISAN-AF091F : 13 variants
	- BOURCIER-AF090F : 11 variants
	- BENAUD-AF093F : 19 variants
	- SAMARIA-AF092F : 56 variants
	- ELIASZ-AF077F : 16 variants
	- LAFFAILLE-AF087F : 12 variants
	- PERRIN-AF094F : 12 variants
	- DEPOILLY-AF096F : 13 variants
	- REY-AF071F : 12 variants
	- BONIS-AF075F : 10 variants
- Auto_user_PGM-118-Run64_30pM_Chef_SBT_colon_lung_v4_318v2_183 :
	- JAVERNAUD-AF134F : 10 variants
	- ANGELOT-AF144F : 13 variants
	- BOUTEILLE-AF155F : 12 variants
	- RENIAU-AF121F : 17 variants
	- H2O : 36 variants
	- PORTINARI-AF156F : 10 variants
	- HD802-HD901 : 23 variants
	- PICARD-AF135F : 8 variants
	- LE-CUILLIER-AF133F : 11 variants
	- AMELINE-AF142F : 16 variants
	- PINEAU-AF141F : 9 variants
	- FRANCES-AF145F : 9 variants
	- PAYET-AF143F : 32 variants
	- GOROBOREDJO-AF147F : 11 variants
	- BERNARD-AF146F : 10 variants
	- NASSOR-AF149F : 26 variants
	- CHAPON-AF148F : 11 variants
	- EDARD-AF113F : 12 variants
	- SABOURET-AF129F : 12 variants
	- PIERRE-AF103F : 23 variants
	- CHINCHON-AF104F : 10 variants
	- HELLE-AF105F : 9 variants
	- CAFFA-AF106F : 20 variants
	- DELATTRE-AF107F : 11 variants
	- DAYE-AF111F : 13 variants
- Auto_user_PGM-119-Run65_30pM_Chef_SBT_colon_lung_v4_318v2_184 :
	- LOISEAU-AF170F : 17 variants
	- GRONDIN-AF171F : 12 variants
	- MAILLOT-AF172F : 53 variants
	- CAVANE-AF178F : 12 variants
	- MARGUERITE-AF190F : 12 variants
	- DECAP-AF163F : 23 variants
	- SPINOZA-AF194F : 11 variants
	- DANIELOU-AF195F : 12 variants
	- LESPES-AF164F : 15 variants
	- BENAIS-AF165F : 9 variants
	- DURANTOU-AF189F : 7 variants
	- DUMAS-AF167F : 12 variants
	- GUSEAL-AF191F : 13 variants
	- ANDRIAMANOHY-AF169F : 25 variants
	- ORSINGHER-AF188F : 12 variants
	- SEUGNET-AF186F : 12 variants
	- LOLJEEH-AF174F : 19 variants
	- CLOUTE-AF185F : 13 variants
	- ECHEVINS-AF168F : 14 variants
	- BALYSZYN-AF166F : 27 variants
	- HD802-HD901 : 22 variants
	- DULOIS-AF192F : 12 variants
	- CAUPENNE-AF176F : 57 variants
	- BOUILLAUD-AF177F : 14 variants
	- ESCOUBEYROU-AF175F : 11 variants
	- H2O : 12 variants
- Auto_user_PGM-122-Run66_30pM_Chef_SBT_colon_lung_v4_318v2_185 :
	- MANSENCAL-AF209F : 13 variants
	- GOUJON-AF206F : 11 variants
	- TOULCANON-AF202F : 227 variants
	- BLOY-AF224F : 14 variants
	- CAUTY-AF223F : 12 variants
	- BILLAC-AF208F : 11 variants
	- PEYRONNEAU-AF207F : 10 variants
	- FULMART-AF205F : 17 variants
	- AUTAL-AF204F : 31 variants
	- SERRES-AF233F : 10 variants
	- CHARLES-AF2131F : 11 variants
	- HD802-HD901 : 21 variants
	- LETROU-AF215F : 11 variants
	- H2O : 46 variants
	- MALARD-AF201F : 29 variants
	- VIDAL-AF179F : 12 variants
	- THEVIN-AF241F : 10 variants
	- FERRER-CASP-AF242F : 8 variants
	- BANARES-AF210F : 9 variants
	- CHEVET-AF211F : 11 variants
	- INCHAUSPE-AF217F : 11 variants
	- EMBRY-AF232F : 43 variants
	- RICHE-AF235F : 10 variants
	- COTELE-AF236F : 11 variants
	- DUBRAS-AF237F : 8 variants
	- MAILLOT-AF238F : 12 variants
- Auto_user_PGM-121-Run67_30pM_Chef_SBT_colon_lung_v4_318v2_186 :
	- CAILLER-AF274F : 13 variants
	- DAMESTOY-AF275F : 17 variants
**WARNING (NO FINALREPORT found for SAMPLE )** CHOVET-AF271F
	- GOROARADJAWE-AF272F : 9 variants
	- SOLEIL-AF261F : 11 variants
	- GIRAUDIN-AF267F : 10 variants
	- MAUDON-AF276F : 16 variants
	- REUMAUX-AF264F : 9 variants
	- LEFEBVRE-AF269F : 11 variants
	- POZUELO-AF268F : 13 variants
	- ASTRUC-AF277F : 17 variants
	- DARROUZES-AF278F : 11 variants
	- H2O : 17 variants
	- VIDAL-AF279F : 20 variants
	- FRASSATI-AF273F : 24 variants
	- PORTRON-AF228F : 11 variants
	- SIMON-AF266F : 15 variants
	- SALAUN-AF234F : 11 variants
	- HD802-HD901 : 22 variants
	- SERVANT-AF250F : 10 variants
	- BOUDIN-AF259F : 7 variants
- Auto_user_PGM-126-Run68bis_30pM_Chef_SBT_colon_lung_v4_316v2_194 :
	- TEDESCO-AF290F2 : 10 variants
	- EDRU-AF292F : 9 variants
	- MOULINIE-AF286F : 8 variants
	- CARRAU-AF283F : 12 variants
	- BESSIERE-AF287F : 10 variants
	- SAVIN-AF288F : 12 variants
	- MARKA-AF289F : 10 variants
	- TEDESCO-AF290F1 : 12 variants
	- COURREGES-AF281F : 10 variants
	- MAREZ-AF280F : 10 variants
	- BOUQUET-AF293C : 9 variants
	- GIGANT-AF308F : 12 variants
	- H2O : 56 variants
	- HD802-HD901 : 23 variants
- Auto_user_PGM-127-Run69bis_30pM_Chef_SBT_colon_lung_v4_316v2_195 :
	- FIARDA-AF311F : 92 variants
	- BONNIN-AF302F : 8 variants
	- LEITE-DE-SILVA-AF312F : 11 variants
	- BRODBECK-AF310F : 14 variants
	- BARNES-AF309F : 26 variants
	- KONCEWICZ-AF328F : 25 variants
	- LE-DU-AF332F : 10 variants
	- HOBAYA-AF333F : 108 variants
	- HD802-HD901 : 22 variants
	- H2O : 44 variants
	- SOULIE-AF327F : 8 variants
	- COINTEPAS-AF316F : 12 variants
	- TAYLAMEE-MARDAPOULLE-AF296F : 23 variants
	- ARMINOT-AF300F : 60 variants
- Auto_user_PGM-128-Run70_30pM_Chef_SBT_colon_lung_v4_318v2_196 :
	- HD802-HD901 : 21 variants
	- H2O : 40 variants
	- LARVIDO-DIT-LARBIDE-AF358F : 12 variants
	- NIULIKI-AF361F : 10 variants
	- EDRU-AF292F : 12 variants
	- JUANAS-AF377F : 11 variants
	- BONNECARRERE-AF370F : 14 variants
	- SFOLCINI-AF379F : 9 variants
	- REUMAUX-AF378F : 13 variants
	- CASTERAN-AF382F : 9 variants
	- COUSTET-HAYET-AF380F : 23 variants
	- BERWIT-AF384F : 9 variants
	- TEBB-AF383F : 58 variants
	- LALLIER-AF348F : 10 variants
	- DROUIN-AF347F : 8 variants
	- GATINEAU-AF366F : 7 variants
	- RAPIN-AF367F : 16 variants
	- BARBREL-AF341F : 12 variants
	- FALLEVOZ-AF342F : 11 variants
	- HAU-AF350F : 11 variants
	- GOYEAU-AF356F : 9 variants
	- CRESTIA-AF359F : 12 variants
	- MANA-AF360F : 9 variants
- Auto_user_PGM-131-Run71_72_35pM_Chef_SBT_colon_lung_v4_318v2_199 :
	- LABRUQUERE-AF388F : 9 variants
	- RIVIERE-AF398F : 71 variants
	- TRONCHE-AF400F : 10 variants
	- LACROIX-AF417F : 9 variants
	- IPPOLITO-AF411F : 27 variants
	- ESTHER-AF402F : 24 variants
	- CELESTIN-AF397F : 38 variants
	- NELLO-AF421F : 10 variants
	- ETCHART-AF420F : 9 variants
	- TERRAS-AF418F : 9 variants
	- HADJAB-AF416F : 8 variants
	- AMAR-AF413F : 16 variants
	- HD802-HD901 : 20 variants
	- H2O : 7 variants
	- LATOURNERIE-AF412F : 9 variants
	- CHEBEAU-AF403F : 10 variants
	- ETCHEGORRY-AF401F : 12 variants
	- GOUET-AF408F : 10 variants
	- COIFFIER-AF404F : 10 variants
	- VIALE-AF419F : 99 variants
	- LOKHANDWALA-AF422F : 8 variants
	- GRONDIN-AF405F : 67 variants
	- DANE-AF426F : 9 variants
	- ANDROGE-AF427F : 10 variants
	- MANDEL-AF428F : 12 variants
	- PERROT-AF430F : 10 variants
- Auto_user_PGM-132-Run72_73_35pM_Chef_SBT_colon_lung_v4_318v2_200 :
	- TARONDEAU-AF461F : 9 variants
	- MAMONT-AF465F : 10 variants
	- GAUTIER-AF459F : 21 variants
	- BOUSQUET-AF460F : 9 variants
	- SCARPITTA-AF473F : 8 variants
	- FRANCOIS-AF478F : 20 variants
	- MONTERO-V225F : 38 variants
	- CLAIR-AF472F : 18 variants
	- NIRELLEP-AF480F : 85 variants
	- CARON-AF482F : 38 variants
	- GOLLINO-SAPPIA-AF458F : 13 variants
	- SCHNEIDER-AF454F : 9 variants
	- EL-ASSIDI-AF451F : 26 variants
	- MERVIN-AF453F : 8 variants
	- VINGATESSON-AF452F : 12 variants
	- CAMJOUAN-AF455F : 13 variants
	- COMBES-AF481F : 8 variants
	- MANOT-AF485F : 16 variants
	- MESTADIER-AF483F : 8 variants
	- H2O : 5 variants
	- HD802-HD901 : 21 variants
	- BOURDEYROUX-AF479F : 54 variants
	- LABORDE-AF456F : 27 variants
	- SANDOZ-AF440F : 10 variants
	- DUVIGNERES-AF439F : 11 variants
	- GUICHAOUA-AF436F : 9 variants
- Auto_user_PGM-135-Run_74bis_35pM_Chef_SBT_colon_lung_v4_318v2_203 :
	- GOUSSEAU-AF500F : 11 variants
	- ROBERT-AF515F : 7 variants
	- PERNIN-AF488F : 9 variants
	- THOMAS-AF487F : 10 variants
	- RIGAL-AF489F : 12 variants
	- GARNAUD-AF490F : 11 variants
	- THEVENIN-AF491F : 8 variants
	- MORA-AF499F : 13 variants
	- DROUOT-AF522F : 10 variants
	- BOARO-AF519F : 9 variants
	- BROUILLOU-AF486F : 12 variants
	- PIQUES-AF521F : 49 variants
	- ANNE-MARIE-AF514F : 44 variants
	- REUILLER-AF498F : 12 variants
	- H2O : 24 variants
	- HD802-HD901 : 20 variants
	- DALI-AF503F : 15 variants
	- SOUBOU-AF504F : 46 variants
	- LESUEUR-AF520F : 11 variants
- Auto_user_PGM-136-Run74_75_35pM_Chef_SBT_colon_lung_v4_318v2_204 :
	- H2O : 52 variants
	- HD802-HD901 : 20 variants
	- TORRESSAN-AF525F : 11 variants
	- MORVAN-AF523F : 15 variants
	- CONRI-AF530F : 11 variants
	- FAVRE-AF532F : 8 variants
	- POMIROL-AF563F : 10 variants
	- BERGEROO-AF543F : 16 variants
	- SERRA-ALVEZ-AF529F : 7 variants
	- CALLEN-AF537F : 13 variants
	- BOURDEYROUX-AF479F : 77 variants
	- LARQUIER-AF542F : 7 variants
	- PLANQUES-AF544F : 6 variants
	- BOYER-AF545F : 10 variants
	- CARTRON-AF547F : 15 variants
	- CAZAL-AF552F : 7 variants
	- SANFRINNON-AF561F : 9 variants
	- BONAMY-AF564F : 13 variants
	- GIRAUD-AF565F : 8 variants
- Auto_user_PGM-137-Run76_35pM_Chef_SBT_colon_lung_v4_318v2_206 :
	- BERNON-AF590F : 9 variants
	- MIGNON-AF591F : 16 variants
	- TRIMARI-AF574F : 11 variants
	- REGENT-AF573F : 6 variants
	- GUSTAVE-DIT-DUFLO-AF576F : 24 variants
	- BISCAYLEUX-AF575F : 10 variants
	- BAUSSAY-AF578F : 13 variants
	- SOILLE-AF577F : 13 variants
	- BOUSCARAT-AF581F : 9 variants
	- COULOMME-AF579F : 88 variants
	- MERCHER-AF586F : 50 variants
	- SCHNEIDER-AF569F : 12 variants
	- LIRA-AF582F : 12 variants
	- LE-PECHEUR-AF583F : 10 variants
	- DUPOUY-AF588F : 11 variants
	- LATRIE-AF610F : 10 variants
	- MARTINIERE-AF611F : 17 variants
	- HD802-HD901 : 22 variants
	- H2O : 40 variants
	- BOUGREAU-AF609F : 9 variants
	- PHAM-VAN-GIA-AF580F : 75 variants
- Auto_user_PGM-138-Run76_77_35pM_Chef_SBT_colon_lung_v4_318v2_205 :
	- CHENINE-AF638F : 17 variants
	- BUYUKAYDIN-AF640F : 9 variants
	- THOMAS-AF633F : 141 variants
	- TERRASSON-AF637F : 11 variants
	- GARRIGUET-AF622F : 10 variants
	- BRISSE-AF629F : 62 variants
	- VENTAJA-AF632F : 10 variants
	- LAW-MAN-CO-AF636F : 9 variants
	- CALVO-AF615F : 147 variants
	- PARNY-AF614F : 9 variants
	- MARTIN-AF612F : 10 variants
	- CEILLES-AF621F : 11 variants
	- MAZAUD-AF619F : 11 variants
	- EBB-AF618F : 20 variants
	- ANDRE-AF617F : 9 variants
	- H2O : 35 variants
	- AGOSTI-AF625F : 10 variants
	- MEYNARD-AD872F : 9 variants
	- HD802-HD901 : 20 variants
	- TEST473-TEST473 : 7 variants
- Auto_user_PGM-141-Run78_35pM_Chef_SBT_colon_lung_v4_318v2_210 :
	- QUANTIN-AF659F : 22 variants
	- GRONDIN-AF658F : 9 variants
	- JEAN-FRANCOIS-AF660F : 48 variants
	- ABRAL-AF656F : 9 variants
	- GIRAUD-AF674F : 11 variants
	- POMAREL-AF657F : 83 variants
	- POUJEAU-AF648F : 16 variants
	- PEREZ-AF681F : 12 variants
	- NADAL-AF675F : 9 variants
	- SERRANO-BANDERA-AF665F : 13 variants
	- SENTOURENS-AF683F : 8 variants
	- KOWALCZYK-AF682F : 14 variants
	- BOURGEOIS-AF685F : 7 variants
	- PRUD-HOMME-AF686F : 10 variants
	- LEGLISE-AF669F : 8 variants
	- IMIZA-AF677F : 8 variants
	- PIAT-AF684F : 12 variants
	- HD802-HD901 : 20 variants
	- H2O : 39 variants
- Auto_user_PGM-142-Run79_35pM_Chef_SBT_colon_lung_v4_318v2_209 :
	- DULUCQ-AF693F : 12 variants
	- AIME-DUBOIS-AF715F : 13 variants
	- CHAUMONTET-AF703F : 14 variants
	- POY-YETHY-AF706F : 11 variants
	- PONS-AD019F : 11 variants
	- AF473F-Plati1650090-AF473F-Plati1650090 : 8 variants
	- DEBAS-AF719F : 16 variants
	- NAVARRO-AF718F : 10 variants
	- PETRINE-AF712F : 16 variants
	- WEMAMA-AF714F : 10 variants
	- VOLSAN-AF707F : 12 variants
	- COURTOIS-AF692F : 10 variants
	- LOKHANDWALA-AF717F : 9 variants
	- MATAILA-AF720F : 11 variants
	- HD802-HD901 : 20 variants
	- H2O : 43 variants
	- ANDAMAYE-AF716F : 16 variants
	- RIVIERE-AF721F : 46 variants
	- AF473F-lib2-switch11-AF473F-lib2-switch11 : 7 variants
	- PLANILLO-AF711C : 8 variants
- Auto_user_PGM-143-Run80_35pM_Chef_SBT_colon_lung_v4_318v2_211 :
	- MILLAS-AF742F : 8 variants
	- CONFAVREUX-AF764F : 12 variants
	- DINETAN-AF740F : 107 variants
	- MANORO-AF765F : 21 variants
	- CASTEL-AF754F : 14 variants
	- GABRIELE-AF751F : 15 variants
	- KELLER-AF741F : 11 variants
	- COURAUD-AF739F : 9 variants
	- BAS-AF738F : 14 variants
	- HD802-HD901 : 21 variants
	- RIGAUD-AF769F : 10 variants
	- H2O : 6 variants
	- ROUSSEAU-AF737F : 16 variants
	- DUBOURDIEU-AF729F : 9 variants
	- EDMOND-AF735F : 13 variants
	- MOORE-AF733F : 10 variants
	- LABORDE-CLAUZEL-AF772F : 34 variants
	- CASSEN-AF786F : 9 variants
	- DAILLY-AF759F : 12 variants
	- CARRIORBE-AF767F : 8 variants
	- LABORDE-AF779F : 9 variants
	- ABADIE-AF780F : 16 variants
	- GALTIER-AF781F : 9 variants
	- GIROD-ROUX-AF782F : 11 variants
	- REALAN-AF783F : 19 variants
	- FRANCES-AF788F : 11 variants
- Auto_user_PGM-144-Run81_35pM_Chef_SBT_colon_lung_v4_318v2_212 :
	- PASCUAL-AF817F : 9 variants
	- MILON-AF818F : 154 variants
	- SECCHI-AF812F : 10 variants
	- DRUART-AF814F : 17 variants
	- TSKHOVREBACHUILI-AF793F : 151 variants
	- DALLEMANE-AF794F : 16 variants
	- DASSONVILLE-AF819F : 8 variants
	- PAQUIER-AF820F : 8 variants
	- BENOIT-AF795F : 37 variants
	- LAFAYE-AF804F : 18 variants
	- THOMAS-AF789F : 8 variants
	- LABORDE-AF787F : 8 variants
	- MOUSTROU-AF792F : 12 variants
	- ANGAMA-LATCHIMY-AF798F : 8 variants
	- COMBE-AF797F : 10 variants
	- CHEVILLARD-AF807F : 9 variants
	- DEUPHON-AF799F : 10 variants
	- PELAEZ-SOLARES-AF811F : 12 variants
	- LABORDE-AF809F : 9 variants
	- DONGEY-AF770F : 11 variants
	- CATELLANI-U271F : 9 variants
	- H2O : 6 variants
	- HD802-HD901 : 21 variants
	- LHOMME-AF810F : 10 variants
	- BELLITY-urgent-AF806F : 141 variants
- Auto_user_PGM-145-Run82_35pM_Chef_SBT_colon_lung_v4_318v2_213 :
	- LAGUNE-AF838F : 12 variants
	- PESTEL-AF825F : 12 variants
	- POMA-AF829F : 9 variants
	- ASLINE-AF830F : 10 variants
	- DUSSAUBAT-AF835F : 12 variants
	- DEFOULOUNOUX-AF836F : 10 variants
	- LAFAURIE-AF837F : 11 variants
	- DUMARCHANT-AF826F : 11 variants
	- DE-BAZIN-DE-BEZONS-AB944F : 11 variants
	- TIDJITE-AF843F : 10 variants
	- H2O : 11 variants
	- HD802-HD901 : 21 variants
	- MACARY-AF853F : 107 variants
	- MASSEBEUF-AF845F : 10 variants
	- NOURDINE-AF854F : 98 variants
	- CASSAING-AF848F : 114 variants
	- ARTAUD-AF834F : 8 variants
	- MALLET-AF828F : 6 variants
	- BISSOON-AF851F : 8 variants
	- GONZALEZ-AF846F : 10 variants
	- ANDRE-AF844F : 10 variants
	- DUBOIS-AF849F : 9 variants
	- FULMART-AF847F : 14 variants
- Auto_user_PGM-146-Run83_35pM_Chef_SBT_colon_lung_v4_318v2_214 :
	- H2O : 8 variants
	- HD802-HD901 : 21 variants
	- DURADE-AF867F : 5 variants
	- HOARAU-AF861F : 11 variants
	- JETTER-AF860F : 13 variants
	- MICHEL-AF892F : 14 variants
	- PHELIPON-AF891F : 9 variants
	- LARRART-AF895F : 22 variants
	- GAY-AF894F : 39 variants
	- PAREDES-PESSOA-AF864F : 12 variants
	- VANDOMEL-AF862F : 10 variants
	- LALANNE-AF881F : 15 variants
	- TEMPLIER-AF865F : 10 variants
	- BELETIER-AF882F : 13 variants
	- BETTACHE-AF887F : 9 variants
	- DUGAY-AF888F : 8 variants
	- RABETTE-AF876F : 12 variants
	- CHAUVIN-AF877F : 15 variants
	- FAUP-AF878F : 10 variants
	- SARDIN-AF879F : 64 variants
	- VILLENAVE-AF883F : 10 variants
	- ARTUR-AF884F : 14 variants
	- BAPOO-AF885F : 11 variants
	- RODRIGO-AF886F : 7 variants
- Auto_user_PGM-147-Run84_35pM_Chef_SBT_colon_lung_v4_318v2_215 :
	- BARRET-AF899F : 9 variants
	- DESBARATS-AF863F : 9 variants
	- TORLET-AF920F : 9 variants
	- RIBA-AF905F : 9 variants
	- FRANCOIS-AF916F : 10 variants
	- HD802-HD901 : 22 variants
	- DURAND-AF902F : 16 variants
	- MONTIL-AF893F : 10 variants
	- LEMAIRE-AF904F : 0 variants
	- CYRILLE-AF901F : 73 variants
	- HERVE-AF921F : 8 variants
	- BICHE-Y599F : 52 variants
	- ELLERO-AF922F : 0 variants
	- LEBARD-AF903F : 0 variants
	- AUTEBON-AF907F : 0 variants
	- DES-W632F : 0 variants
	- KAI-Z851F : 12 variants
	- DEU-W988F : 13 variants
	- H2O : 12 variants
	- CAMIADE-AF917F : 10 variants
	- LAN-AA237F : 13 variants
- Auto_user_PGM-150-Run85_35pM_Chef_SBT_colon_lung_v4_318v2_219 :
	- GOUIL-AF931F : 12 variants
	- LUSSEAU-AF933F : 13 variants
	- BREDA-AF934F : 10 variants
	- JAUREGUY-AF935F : 61 variants
	- VERDEL-AF936F : 10 variants
	- COAT-AF938F : 7 variants
	- LENAIN-AF968F : 8 variants
	- LALANNE-AF951F : 10 variants
	- GODDERIDGE-AF932F : 20 variants
	- DAMIGON-AF937F : 9 variants
	- CRUCHET-AF969F : 8 variants
	- FABRE-AF967F : 10 variants
	- OZERAY-AF957F : 10 variants
	- MANDON-AF956F : 11 variants
	- BLEMOND-AF955F : 10 variants
	- AUTEBON-AF907F : 11 variants
	- LEMAIRE-AF904F : 9 variants
	- BELLITY-AF952F : 12 variants
	- VILAIN-AF948F : 63 variants
	- DEVOS-AF942F : 8 variants
	- DUTREY-AF950F : 10 variants
	- LADMIRAL-AF949F : 10 variants
	- HD802-HD901 : 21 variants
	- H2O : 23 variants
- Auto_user_PGM-151-Run86_35pM_Chef_SBT_colon_lung_v4_318v2_220 :
	- PETIT-AG006F : 20 variants
	- TRIEUX-AG002F : 9 variants
	- LAMARQUE-AG001F : 61 variants
	- BULTHE-AG007F : 10 variants
	- DES-W632F : 16 variants
	- LALANNE-AF984F : 10 variants
	- ERHOLD-AF974F : 8 variants
	- MAGNE-AG003F : 10 variants
	- BOUTET-AF999F : 22 variants
	- H2O : 12 variants
	- HD802-HD901 : 12 variants
	- BAT-AA487F : 30 variants
	- ELLERO-AF922F : 12 variants
	- LEBARD-AF903F : 23 variants
	- GRAVAT-AF915F : 10 variants
	- LOUMENA-AF997F : 5 variants
	- LAMBERT-AF998F : 9 variants
	- VIVET-AF982F : 8 variants
	- BONNAT-AF983F : 8 variants
	- BENARD-AF985F : 5 variants
	- VINCENT-AF986F : 7 variants
	- GIRARDEAU-AF990F : 6 variants
	- LE-BERRE-AF993F : 9 variants
- Auto_user_PGM-152-Run87_35pM_Chef_SBT_colon_lung_v4_318v2_221 :
	- DEHEUL-AG034F : 7 variants
	- CASSE-AG037F : 12 variants
	- PAGES-AG022F : 10 variants
	- SARDIN-AG033F : 28 variants
	- SARCLAT-AG040F : 10 variants
	- CAMBOS-AG041F : 28 variants
	- BLANQUIOT-AG038F : 12 variants
	- PEREZ-AG039F : 8 variants
	- ROCHETTE-AG032F : 16 variants
	- SAPHORE-AG045F : 10 variants
	- PARIES-AG043F : 11 variants
	- LOUYS-AG044F : 45 variants
	- ORTION-AA661F : 8 variants
	- MUSTAPHA-AG049F2 : 9 variants
	- MUSTAPHA-AG049F1 : 58 variants
	- PEYRI-AG047F : 12 variants
	- HD802-HD901 : 20 variants
	- CAZABAN-AG021C : 8 variants
	- LOUMENA-PGMbis-AF997F : 12 variants
	- H2O : 9 variants
	- CAZABAN-AG020C : 10 variants
- Auto_user_PGM-153-Run88_35pM_Chef_SBT_colon_lung_v4_318v2_222 :
	- SARTRE-AG069F : 8 variants
	- RAZAFIMAHEFA-AG070F : 8 variants
	- HUBY-AG073F : 9 variants
	- PASSEY-AG075F : 10 variants
	- BAVIERE-AG048F : 10 variants
	- DELANNAY-AG064F : 34 variants
	- BLACHE-AG067F : 8 variants
	- CHAMBON-AG068F : 9 variants
	- DESCAT-AG077F : 10 variants
	- LAMBERT-AG080F : 8 variants
	- H2O : 7 variants
	- HD802-HD901 : 20 variants
	- GIRARDEAU-PGMbis-AF990F : 9 variants
	- BENARD-PGMbis-AF985F : 10 variants
	- VIVET-PGMbis-AF982F : 12 variants
	- ELLERO-AG084F : 10 variants
	- GOUETCHA-AG086F : 11 variants
	- DE-K-MORVAN-AG076F : 24 variants
	- ROBERT-AG063F : 52 variants
	- HOARAU-AG058F : 12 variants
	- CHANG-KUW-AG072F : 45 variants
	- SAID-MOHAMED-AG065F : 66 variants
- Auto_user_PGM-154-Run89_35pM_Chef_SBT_colon_lung_v4_318v2_223 :
	- DUMON-AG132F : 12 variants
	- HD802-HD901 : 20 variants
	- NEDJAR-AG129F : 9 variants
	- LEROUX-AG131F : 7 variants
	- H2O : 19 variants
	- COCO-AG093F : 11 variants
	- BONOT-AG111F : 12 variants
	- DUVAL-AG110F : 11 variants
	- CHINOUILH-AG121F : 18 variants
	- PLAZA-AG119F : 8 variants
	- RAGO-AG123F : 12 variants
	- CASALE-AG122F : 9 variants
	- REMIGEREAU-AG126F : 9 variants
	- ETCHEVERRY-AG125F : 9 variants
	- TOUZET-AG128F : 9 variants
	- VINCENT-AG127F : 11 variants
	- MAY-AG099F : 8 variants
	- CHAMINADE-AG109F : 9 variants
	- OREO-AG095F : 9 variants
	- MEYER-AG096F : 19 variants
	- RABOT-AG097F : 8 variants
	- BAREIL-AG098F : 9 variants
	- IMBERT-AG101F : 11 variants
	- POWELL-AG092F : 9 variants
	- MARSAL-BONACHI-AG091F : 8 variants
	- MENAUT-AG094F : 9 variants
- Auto_user_PGM-155-Run90_35pM_Chef_SBT_colon_lung_v4_318v2_224 :
	- BARREAU-AG160F : 8 variants
	- CALVO-AG161F : 7 variants
	- NOMMEU-AG164F : 14 variants
	- ARENAS-AG166F : 8 variants
	- RODIER-AG136F : 10 variants
	- BEN-DJENANA-AG112F : 28 variants
	- BARBIER-AG156F : 10 variants
	- LIVOREIL-AG134F : 6 variants
	- GARRIGOS-AG117F : 11 variants
	- DIJOUX-AG130F : 14 variants
	- PAASCHE-AG181F : 112 variants
	- HD802-HD901 : 20 variants
	- MARION-LE-SAUX-AG151F : 8 variants
	- NEBOUT-AG155F : 10 variants
	- LAURIE-AG159F : 8 variants
	- FAUGERE-AG150F : 7 variants
	- BUCHERY-AG149F : 12 variants
	- SALMACIS-AG138F : 10 variants
	- THERESE-AG135F : 15 variants
	- SOULAGNET-AG133F : 118 variants
	- ESPINOSA-AG113F : 12 variants
	- TCHACKO-AG148F : 10 variants
	- H2O : 6 variants
	- DALEO-AG143F : 7 variants
	- CHANTREAU-AG144F : 12 variants
	- RICHARD-AG142F : 11 variants
- Auto_user_PGM-156-Run91_35pM_Chef_SBT_colon_lung_v4_318v2_225 :
	- COUSIN-AG183F : 111 variants
	- SAUBION-AG165F : 9 variants
	- MASSINA-AG152F : 12 variants
	- LECONTE-AG146F : 11 variants
	- IPPOLITO-AG182F : 11 variants
	- QUELEN-AG184F : 10 variants
	- KWAN-DO-TSAN-AG145F : 144 variants
	- MASSIANI-AG185F : 16 variants
	- ROUSSEAU-AG187F : 12 variants
	- QUENON-AG186C : 10 variants
	- LILANGA-AG141F : 13 variants
	- CARPENTIER-AG193F : 11 variants
	- DUTREIX-AG188F : 9 variants
	- PEISSEL-AG194F : 25 variants
	- MEREAU-AG195F : 19 variants
	- SALLES-AG196F : 10 variants
	- BILAVARN-AG204F : 11 variants
	- VEYRAT-AG208F : 10 variants
	- GIMENEZ-AG209F : 14 variants
	- HD802-HD901 : 21 variants
	- H2O : 12 variants
- Auto_user_PGM-157-Run92_35pM_Chef_SBT_colon_lung_v4_318v2_226 :
	- KERBRAT-AG215F : 8 variants
	- PELLETIER-AG214F : 9 variants
	- TRAVEL-AG217F : 9 variants
	- SOARES-DE-CAST-AG216F : 8 variants
	- REGNIER-AG228F : 108 variants
	- LOUVRIER-AG227F : 9 variants
	- VIRIN-AG231F : 10 variants
	- DIEUMA-AG229F : 8 variants
	- BENA-AG239F : 9 variants
	- SYRACUSE-AG234F : 14 variants
	- TRECASSE-AG235F : 112 variants
	- IMBENOTTE-AG197C : 8 variants
	- DELAINE-AG203F : 8 variants
	- MARTOS-AG212F : 10 variants
	- ANNINO-AG213F : 10 variants
	- TODESCO-AG206F : 10 variants
	- BERNATHA-AG233F : 10 variants
	- HOARAU-AG207F : 43 variants
	- LUX-AG230F : 17 variants
	- H2O : 19 variants
	- HD802-HD901 : 20 variants
- Auto_user_PGM-158-Run93_35pM_Chef_SBT_colon_lung_v4_318v2_227 :
	- DAMADAA-COUDURE-AG260F : 59 variants
	- MOREAU-AG261F : 33 variants
	- GIOVANNONE-AG262F : 9 variants
	- VIGUES-AG263F : 7 variants
	- PERNEY-AG272F : 10 variants
	- HUGON-AG277F : 7 variants
	- MALOTO-AG259F : 13 variants
	- QUENON-AG205C : 10 variants
	- LAUZIN-AG240F : 7 variants
	- TABBAI-AG264F : 11 variants
	- HD802-HD901 : 20 variants
	- TROVALET-AG258F : 50 variants
	- GIVRAN-AG253F : 11 variants
	- VALLADON-AG248F : 13 variants
	- LATOUCHE-AG247F : 9 variants
	- ANLIMOU-AG246F : 13 variants
	- HOAREAU-AG244F : 10 variants
	- LE-DUC-AG252F : 11 variants
	- H2O : 5 variants
	- ROACH-AG250F : 11 variants
	- FABRE-AG251F : 9 variants
	- FLORIN-AG249F : 10 variants
- Auto_user_PGM-159-Run94_35pM_Chef_SBT_colon_lung_v4_318v2_228 :
	- OSSARD-AG304F : 12 variants
	- TRONCHE-AG303F : 8 variants
	- BOUDEY-AG300F : 8 variants
	- BADENCO-AG299F : 8 variants
	- GOZZINI-AG297F : 12 variants
	- BROSSARD-AG295F : 8 variants
	- ETILCE-AG284F : 7 variants
	- LEMAIRE-AG270F : 8 variants
	- BOUTAYEB-AG269F : 8 variants
	- COGET-AG268F : 11 variants
	- GAUBERT-AG265F : 11 variants
	- COPIN-AG267F : 9 variants
	- LAVIN-DE-LAMA-AG266F : 122 variants
	- H2O : 7 variants
	- HAMIDA-AG286F : 21 variants
	- TARISTAS-AG296F : 82 variants
	- MOUTINARD-AG298F : 72 variants
	- FERRERE-AG302F : 11 variants
	- CANET-AG287F : 9 variants
	- MARSAL-BONACHI-AG301F : 7 variants
	- HOUOT-AG285F : 8 variants
	- HD802-HD901 : 20 variants
- Auto_user_PGM-162-Run95_35pM_Chef_SBT_colon_lung_v4_318v2_232 :
	- SUILS-PORTE-AG341F : 14 variants
	- ALI-AG329F : 3 variants
	- FUNG-LICK-MIN-AG333F : 9 variants
	- TOVAR-AG339F : 10 variants
	- ROCHETEAU-AG325F : 11 variants
	- CUNY-AG330F : 9 variants
	- PAYET-AG336F : 21 variants
	- GAITE-AG315F : 11 variants
	- CHEVALIER-AG335F : 25 variants
	- HD802-HD901 : 21 variants
	- FARI-AG313F : 11 variants
	- RAHELIARISOA-AG307F : 17 variants
	- DAMESTOY-AG318F : 14 variants
	- SINSAU-AG314F : 8 variants
	- PONSOLE-AG320F : 8 variants
	- IZANS-AG319F : 11 variants
	- MARTINEZ-AG323F : 15 variants
	- DUMONT-AG321F : 10 variants
	- HOAREAU-AG331F : 10 variants
	- HEBERT-AG328F : 5 variants
	- H2O : 15 variants
	- CALDEIRA-AG306F : 70 variants
- Auto_user_PGM-163-Run96_35pM_Chef_SBT_colon_lung_v4_318v2_231 :
	- ALBO-AG386F : 11 variants
	- GIBERT-AG390F : 21 variants
	- LE-MAUT-AG379F : 10 variants
	- MICHEL-AG378F : 52 variants
	- CASTAING-AG380F : 10 variants
	- SERVEAUX-AG382F : 7 variants
	- BAUDRY-AG358F : 11 variants
	- GAUTHIER-AG359F : 10 variants
	- PERUQUE-AG346F : 11 variants
	- BOURGOIS-AG345F : 10 variants
	- GARCIA-AG344F : 11 variants
	- MAXVEL-AG377F : 17 variants
	- DAUCHY-AG376F : 11 variants
	- SAINT-JOURS-AG356F : 9 variants
	- ATIYA-AG348F : 11 variants
	- CAUSSE-AG366F : 11 variants
	- MATHERION-AG381F : 60 variants
	- HD802-HD901 : 21 variants
	- VILPOUX-AG387F : 10 variants
	- H2O : 5 variants
- Auto_user_PGM-164-Run97_35pM_Chef_SBT_colon_lung_v4_318v2_233 :
	- GRISLIN-AG439F : 8 variants
	- BICHAT-AG423F : 10 variants
	- LAURENCON-AG422F : 49 variants
	- LANTEIN-AG412F : 9 variants
	- BRUNET-AG411F : 10 variants
	- TROUILLARD-AG396F : 12 variants
	- PAPONNEAU-AG404F : 8 variants
	- CANALE-AG399F : 10 variants
	- CEILLES-AG398F : 8 variants
	- HD802-HD901 : 20 variants
	- DORVAL-AG413F : 47 variants
	- H2O : 7 variants
	- BESNIER-AG397F : 12 variants
	- DELAGE-AG392F : 10 variants
	- LABEYRIE-AG394F : 9 variants
	- BOUZAROUATA-AG393F : 9 variants
	- ARRO-AG450F : 13 variants
	- AZCONAGA-AG451F : 12 variants
	- ZWEYACKER-AG440F : 13 variants
	- KITCHINE-AG441F : 8 variants
	- OSES-AG442F : 11 variants
	- KERBRAT-AG443F : 9 variants
	- GOUPIL-AG445F : 8 variants
	- IRDOR-AG446F : 12 variants
	- COGNON-AG448F : 9 variants
	- DELFIEUX-AG449F : 9 variants
- Auto_user_PGM-165-Run98_35pM_Chef_SBT_colon_lung_v4_318v2_234 :
	- GRONDIN-AG460F : 12 variants
	- DUPONT-AG469F : 13 variants
	- VIAL-AG456F : 12 variants
	- LEONIE-AG459F : 10 variants
	- OSTINET-AG485F : 10 variants
	- PEREZ-MORENO-AG486F : 7 variants
	- MANOUX-AG478F : 7 variants
	- CAZEAUX-AG479F : 10 variants
	- LACROIX-AG490F : 8 variants
	- LACOU-AG491F : 11 variants
	- CAILLAU-AG455F : 9 variants
	- NOIRBUSSON-AG454F : 7 variants
	- IVAS-AG438F : 10 variants
	- H2O : 12 variants
	- MARSAL-BONACHI-AG447F : 9 variants
	- BAUDIE-AG444F : 11 variants
	- RONDEAU-AG498F : 11 variants
	- DUMERSAT-AG415F : 22 variants
	- ANTONIETTI-AG495F : 9 variants
	- FOULADOUX-AG494F : 9 variants
	- RAFFAELLY-AG493F : 8 variants
	- BELLOCQ-AG492F : 61 variants
	- HD802-HD901 : 21 variants
	- DIELENSCHNEIDER-AG483F : 59 variants
	- PEYRET-AG461F : 11 variants
	- VICTORINE-AG496F : 8 variants
- Auto_user_PGM-166-Run99_35pM_Chef_SBT_colon_lung_v4_318v2_235 :
	- ANDRE-AG504F : 7 variants
	- MEREAU-AG505F : 9 variants
	- MUR-AG507F : 8 variants
	- NADIR-AG511F : 8 variants
	- LUX-AG510F : 31 variants
	- DUTEN-AG513F : 9 variants
	- CHAUSSAT-AG502F : 9 variants
	- ODIEVRE-AG503F : 8 variants
	- OURDOUILLE-AG512F : 9 variants
	- VINSONNEAU-AG514F : 11 variants
	- HD802-HD901 : 20 variants
	- JEAN-CHARLES-AG561F : 7 variants
	- WAMOE-AG559F : 8 variants
	- ARNAUD-AG532F : 9 variants
	- PASQUON-AG531F : 8 variants
	- CLISSON-AG530F : 7 variants
	- NEGRE-AG524F : 10 variants
	- BRUNEAU-AG558F : 11 variants
	- DUSSEAU-AG525F : 39 variants
	- MUIRE-AG506F : 12 variants
	- SARROSTE-AG520F : 16 variants
	- GIRONDIN-AG528F : 11 variants
	- PETUITE-AG527F : 14 variants
	- MARSAL-BONACHI-AG519F : 9 variants
	- NATIO-AG563F : 17 variants
	- H2O : 13 variants
- WRITING VARIANTLIST JSON...
- Auto_user_PGM-53-Run22_Routine_081015_SBT_colon_lung_v4_316v2_102 :
	- TURTAUT-AD299F : 12 variants
	- PLANTADE-AD297F : 15 variants
	- PAS-AD307F : 9 variants
	- WARIN-AD296F : 13 variants
	- SOULIGNAC-AD315F : 11 variants
	- BERTORELLO-AD314F : 10 variants
	- LAVIGNAC-AD295F : 13 variants
	- DANG-AD319F : 7 variants
	- ZOCCOLA-AD316F : 15 variants
	- PASQUET-AD321F : 28 variants
	- BIDEGAIN-AD322F : 10 variants
	- ASCONCHILO-AD325F : 9 variants
	- ODER-AD327F : 9 variants
	- SMITH-AD335F-EMQN : 24 variants
	- HD802-901 : 21 variants
	- H20 : 5 variants
- Auto_user_PGM-55-run_23_316v2_151015_SBT_colon_lung_v4_316v2_104 :
	- LECOR-AD370F : 12 variants
	- GAUTHIER-AD358F : 13 variants
	- SIAS-AD372F : 13 variants
	- LABROUSSE-AD371F : 17 variants
	- PETRIER-AD375F : 14 variants
	- HUSSON-AD373F : 14 variants
	- ARGILLOS-AD379F : 11 variants
	- ALESANDRE-AD376F : 6 variants
	- BELKEBIRMRANI-AD381F : 14 variants
	- TILLIET-AD380F : 9 variants
	- DELCROS-AD387F : 47 variants
	- MAZAUD-AD349F : 8 variants
	- PLANCHENAULT-AD350F : 10 variants
	- HD802-HD901 : 21 variants
	- H2O : 7 variants
	- CELESTINE-AD347F : 9 variants
- Auto_user_PGM-56-Run24_318v2_SBT_colon_lung_v4_318v2_105 :
	- ADN-SIEMENS-37S : 26 variants
	- FLOURET-AD388F : 11 variants
	- HD802-901 : 22 variants
	- H2O : 3 variants
	- LHEZ-AD403F : 11 variants
	- BANDAMA-ATIAMA-AD405F : 12 variants
	- ADN-SIEMENS-19S : 38 variants
	- ROY-AD400F : 10 variants
	- BERNATETS-AD406F : 12 variants
	- DE-CORDIER-AD408F : 10 variants
	- ADN-SIEMENS-43S : 38 variants
	- ADN-SIEMENS-7S : 13 variants
	- ADN-SIEMENS-13S : 11 variants
	- EL-SARNGAWY-AD399F : 9 variants
	- ADN-SIEMENS-33S : 10 variants
	- ADN-SIEMENS-1S : 306 variants
	- FOURNIER-AD421F : 11 variants
	- DURAND-AD413F : 9 variants
	- HARPER-AD412F : 10 variants
	- LETANG-AD410F : 12 variants
	- ALLARD-AD409F : 14 variants
	- LALANNE-AD419F : 13 variants
	- HORRILLO-AD416F : 12 variants
	- SEGUIN-AD415F : 33 variants
	- ADON-AD414F : 11 variants
- Auto_user_PGM-57-Run_25_316v2_SBT_colon_lung_v4_316v2_106 :
	- JOLY-AD470F : 9 variants
	- DESVERGNE-AD439F : 10 variants
	- OTAZO-Y-CHACART-AD428F : 10 variants
	- PELLERIN-AD430F : 11 variants
	- ETHEVE-AD452F : 38 variants
	- BOUROTTE-AD429F : 12 variants
	- LEPERLIER-AD454F : 18 variants
	- H2O : 2 variants
	- HD802-HD901 : 21 variants
	- SOLEILLET-AD449F : 13 variants
	- LECOUP-AD458F : 9 variants
	- COUILLAUD-AD457F : 9 variants
	- DACOL-AD455F : 11 variants
- Auto_user_PGM-58-Run26_316v2_SBT_colon_lung_v4_316v2_107 :
	- H2O : 3 variants
	- GONZALEZ-AD482F : 11 variants
	- SAMBU-AD484F : 11 variants
	- GOUA-AD483F : 10 variants
	- TOURNY-AD486F : 9 variants
	- BAUDET-AD487F : 11 variants
	- LAMSIAH-AD488F : 9 variants
	- FREDON-AD491F : 10 variants
	- BERAT-AD494F : 10 variants
	- PAQUET-AD495F : 15 variants
	- DANSEL-AD496F : 10 variants
	- HD802-901 : 22 variants
- Auto_user_PGM-60-Run27_SBT_colon_lung_v4_318v2_109 :
	- HUBERT-AD532F : 9 variants
	- DESPLEBIN-AD538F : 9 variants
	- MARTINEZ-AD523F : 10 variants
	- TREMY-AD524F : 77 variants
	- BOUILHET-AD543F : 11 variants
	- IRIQUIN-AD548F : 9 variants
	- TALIERCIO-AD541F : 41 variants
	- LE-TEXIER-AD542F : 12 variants
	- BROUQUE-AD552F : 14 variants
	- HD802-901 : 22 variants
	- DEBRIE-AD501F : 8 variants
	- DINETY-U966F : 23 variants
	- BLUME-AD505F : 12 variants
	- ROOSEL-AD504F : 10 variants
	- PERRAULT-AD508F : 14 variants
	- ROUDIER-AD506F : 9 variants
	- TOMASEK-AD518F : 12 variants
	- CAMBO-AD510F : 12 variants
	- PIGRE-AD520F : 9 variants
	- OUAATTA-AD519F : 13 variants
	- H2O : 7 variants
	- RASINANGUE-AD474F : 19 variants
- WRITING VARIANTLIST JSON...
- Auto_user_PGM-53-Run22_Routine_081015_SBT_colon_lung_v4_316v2_102 :
	- TURTAUT-AD299F : 12 variants
	- PLANTADE-AD297F : 15 variants
	- PAS-AD307F : 9 variants
	- WARIN-AD296F : 13 variants
	- SOULIGNAC-AD315F : 11 variants
	- BERTORELLO-AD314F : 10 variants
	- LAVIGNAC-AD295F : 13 variants
	- DANG-AD319F : 7 variants
	- ZOCCOLA-AD316F : 15 variants
	- PASQUET-AD321F : 28 variants
	- BIDEGAIN-AD322F : 10 variants
	- ASCONCHILO-AD325F : 9 variants
	- ODER-AD327F : 9 variants
	- SMITH-AD335F-EMQN : 24 variants
	- HD802-901 : 21 variants
	- H20 : 5 variants
- Auto_user_PGM-55-run_23_316v2_151015_SBT_colon_lung_v4_316v2_104 :
	- LECOR-AD370F : 12 variants
	- GAUTHIER-AD358F : 13 variants
	- SIAS-AD372F : 13 variants
	- LABROUSSE-AD371F : 17 variants
	- PETRIER-AD375F : 14 variants
	- HUSSON-AD373F : 14 variants
	- ARGILLOS-AD379F : 11 variants
	- ALESANDRE-AD376F : 6 variants
	- BELKEBIRMRANI-AD381F : 14 variants
	- TILLIET-AD380F : 9 variants
	- DELCROS-AD387F : 47 variants
	- MAZAUD-AD349F : 8 variants
	- PLANCHENAULT-AD350F : 10 variants
	- HD802-HD901 : 21 variants
	- H2O : 7 variants
	- CELESTINE-AD347F : 9 variants
- Auto_user_PGM-56-Run24_318v2_SBT_colon_lung_v4_318v2_105 :
	- ADN-SIEMENS-37S : 26 variants
	- FLOURET-AD388F : 11 variants
	- HD802-901 : 22 variants
	- H2O : 3 variants
	- LHEZ-AD403F : 11 variants
	- BANDAMA-ATIAMA-AD405F : 12 variants
	- ADN-SIEMENS-19S : 38 variants
	- ROY-AD400F : 10 variants
	- BERNATETS-AD406F : 12 variants
	- DE-CORDIER-AD408F : 10 variants
	- ADN-SIEMENS-43S : 38 variants
	- ADN-SIEMENS-7S : 13 variants
	- ADN-SIEMENS-13S : 11 variants
	- EL-SARNGAWY-AD399F : 9 variants
	- ADN-SIEMENS-33S : 10 variants
	- ADN-SIEMENS-1S : 306 variants
	- FOURNIER-AD421F : 11 variants
	- DURAND-AD413F : 9 variants
	- HARPER-AD412F : 10 variants
	- LETANG-AD410F : 12 variants
	- ALLARD-AD409F : 14 variants
	- LALANNE-AD419F : 13 variants
	- HORRILLO-AD416F : 12 variants
	- SEGUIN-AD415F : 33 variants
	- ADON-AD414F : 11 variants
- Auto_user_PGM-57-Run_25_316v2_SBT_colon_lung_v4_316v2_106 :
	- JOLY-AD470F : 9 variants
	- DESVERGNE-AD439F : 10 variants
	- OTAZO-Y-CHACART-AD428F : 10 variants
	- PELLERIN-AD430F : 11 variants
	- ETHEVE-AD452F : 38 variants
	- BOUROTTE-AD429F : 12 variants
	- LEPERLIER-AD454F : 18 variants
	- H2O : 2 variants
	- HD802-HD901 : 21 variants
	- SOLEILLET-AD449F : 13 variants
	- LECOUP-AD458F : 9 variants
	- COUILLAUD-AD457F : 9 variants
	- DACOL-AD455F : 11 variants
- Auto_user_PGM-58-Run26_316v2_SBT_colon_lung_v4_316v2_107 :
	- H2O : 3 variants
	- GONZALEZ-AD482F : 11 variants
	- SAMBU-AD484F : 11 variants
	- GOUA-AD483F : 10 variants
	- TOURNY-AD486F : 9 variants
	- BAUDET-AD487F : 11 variants
	- LAMSIAH-AD488F : 9 variants
	- FREDON-AD491F : 10 variants
	- BERAT-AD494F : 10 variants
	- PAQUET-AD495F : 15 variants
	- DANSEL-AD496F : 10 variants
	- HD802-901 : 22 variants
- Auto_user_PGM-60-Run27_SBT_colon_lung_v4_318v2_109 :
	- HUBERT-AD532F : 9 variants
	- DESPLEBIN-AD538F : 9 variants
	- MARTINEZ-AD523F : 10 variants
	- TREMY-AD524F : 77 variants
	- BOUILHET-AD543F : 11 variants
	- IRIQUIN-AD548F : 9 variants
	- TALIERCIO-AD541F : 41 variants
	- LE-TEXIER-AD542F : 12 variants
	- BROUQUE-AD552F : 14 variants
	- HD802-901 : 22 variants
	- DEBRIE-AD501F : 8 variants
	- DINETY-U966F : 23 variants
	- BLUME-AD505F : 12 variants
	- ROOSEL-AD504F : 10 variants
	- PERRAULT-AD508F : 14 variants
	- ROUDIER-AD506F : 9 variants
	- TOMASEK-AD518F : 12 variants
	- CAMBO-AD510F : 12 variants
	- PIGRE-AD520F : 9 variants
	- OUAATTA-AD519F : 13 variants
	- H2O : 7 variants
	- RASINANGUE-AD474F : 19 variants
- WRITING VARIANTLIST JSON...
